2019-06-03 13:19:39 INFO  root:44 - Припарковался: Porche на 100
2019-06-03 13:19:39 INFO  root:44 - Припарковался: Ford на 100
2019-06-03 13:19:39 INFO  root:46 - Освободил: Porche
2019-06-03 13:19:39 INFO  root:46 - Освободил: Ford
2019-06-03 13:20:14 INFO  root:44 - Припарковался: Porche на 100
2019-06-03 13:20:14 INFO  root:44 - Припарковался: Mers на 100
2019-06-03 13:20:14 INFO  root:46 - Освободил: Porche
2019-06-03 13:20:14 INFO  root:46 - Освободил: Mers
2019-06-03 13:20:21 INFO  root:44 - Припарковался: Ford на 100
2019-06-03 13:20:21 INFO  root:44 - Припарковался: Porche на 100
2019-06-03 13:20:21 INFO  root:46 - Освободил: Ford
2019-06-03 13:20:21 INFO  root:46 - Освободил: Porche
2019-06-03 13:20:24 INFO  root:44 - Припарковался: Ford на 100
2019-06-03 13:20:24 INFO  root:44 - Припарковался: Porche на 100
2019-06-03 13:20:24 INFO  root:46 - Освободил: Porche
2019-06-03 13:20:24 INFO  root:46 - Освободил: Ford
2019-06-03 13:20:27 INFO  root:44 - Припарковался: Ford на 100
2019-06-03 13:20:27 INFO  root:44 - Припарковался: Porche на 100
2019-06-03 13:20:27 INFO  root:46 - Освободил: Porche
2019-06-03 13:20:27 INFO  root:46 - Освободил: Ford
2019-06-03 13:20:30 INFO  root:44 - Припарковался: Porche на 100
2019-06-03 13:20:30 INFO  root:44 - Припарковался: Ford на 100
2019-06-03 13:20:30 INFO  root:46 - Освободил: Ford
2019-06-03 13:20:30 INFO  root:46 - Освободил: Porche
2019-06-03 13:20:33 INFO  root:44 - Припарковался: Ford на 100
2019-06-03 13:20:33 INFO  root:44 - Припарковался: Porche на 100
2019-06-03 13:20:33 INFO  root:46 - Освободил: Porche
2019-06-03 13:20:33 INFO  root:46 - Освободил: Ford
2019-06-03 13:20:35 INFO  root:44 - Припарковался: Porche на 100
2019-06-03 13:20:35 INFO  root:44 - Припарковался: Ford на 100
2019-06-03 13:20:35 INFO  root:46 - Освободил: Ford
2019-06-03 13:20:35 INFO  root:46 - Освободил: Porche
2019-06-03 13:20:38 INFO  root:44 - Припарковался: Ford на 100
2019-06-03 13:20:38 INFO  root:44 - Припарковался: Porche на 100
2019-06-03 13:20:38 INFO  root:46 - Освободил: Ford
2019-06-03 13:20:38 INFO  root:46 - Освободил: Porche
2019-06-03 13:20:42 INFO  root:44 - Припарковался: Ford на 100
2019-06-03 13:20:42 INFO  root:44 - Припарковался: Porche на 100
2019-06-03 13:20:42 INFO  root:46 - Освободил: Ford
2019-06-03 13:20:42 INFO  root:46 - Освободил: Porche
2019-06-03 13:26:30 WARN  root:37 - Null carpark
2019-06-03 13:26:30 WARN  root:37 - Null carpark
2019-06-03 13:26:30 WARN  root:37 - Null carpark
2019-06-03 13:26:30 WARN  root:37 - Null carpark
2019-06-03 13:26:43 INFO  root:44 - Припарковался: Porche на 100
2019-06-03 13:26:43 INFO  root:44 - Припарковался: Ford на 100
2019-06-03 13:26:43 INFO  root:46 - Освободил: Ford
2019-06-03 13:26:43 INFO  root:46 - Освободил: Porche
2019-06-03 13:28:11 INFO  root:44 - Припарковался: Porche на 100
2019-06-03 13:28:11 INFO  root:44 - Припарковался: Ford на 100
2019-06-03 13:28:11 INFO  root:27 - Уехал
2019-06-03 13:28:11 INFO  root:27 - Уехал
2019-06-03 13:28:11 INFO  root:46 - Освободил: Ford
2019-06-03 13:28:11 INFO  root:46 - Освободил: Porche
2019-06-03 13:37:56 INFO  root:44 - Припарковался: Porche на 100
2019-06-03 13:37:56 INFO  root:44 - Припарковался: Ford на 100
2019-06-03 13:37:56 INFO  root:46 - Освободил: Ford
2019-06-03 13:37:56 INFO  root:46 - Освободил: Porche
2019-06-03 13:37:58 INFO  root:44 - Припарковался: Mers на 100
2019-06-03 13:37:58 INFO  root:44 - Припарковался: BMW на 100
2019-06-03 13:37:58 INFO  root:46 - Освободил: Mers
2019-06-03 13:37:58 INFO  root:46 - Освободил: BMW
